src/app/(admin)/admin/site-settings/actions.ts(76,3): error TS1005: 'try' expected.
src/app/(admin)/admin/site-settings/actions.ts(79,1): error TS1128: Declaration or statement expected.
